Arguments: 
  C:\Program Files\nodejs\node.exe C:\Program Files (x86)\Yarn\bin\yarn.js add jsonwebtoken

PATH: 
  C:\WINDOWS\system32;C:\WINDOWS;C:\WINDOWS\System32\Wbem;C:\WINDOWS\System32\WindowsPowerShell\v1.0\;C:\WINDOWS\System32\OpenSSH\;C:\Program Files (x86)\Yarn\bin\;C:\Program Files\PostgreSQL\15\bin;C:\Program Files\nodejs\;C:\Users\user\AppData\Roaming\npm;C:\Program Files\Git\cmd;C:\Users\user\AppData\Local\Microsoft\WindowsApps;C:\Users\user\AppData\Local\Programs\Microsoft VS Code\bin;C:\Users\user\AppData\Local\Yarn\bin;C:\Program Files\PostgreSQL\15\bin;C:\Users\user\AppData\Local\GitHubDesktop\bin;C:\Users\user\AppData\Roaming\npm;

Yarn version: 
  1.22.4

Node version: 
  18.12.1

Platform: 
  win32 x64

Trace: 
  Error: connect ECONNABORTED 2606:4700::6810:1423:443
      at TCPConnectWrap.afterConnect [as oncomplete] (node:net:1300:16)

npm manifest: 
  {
    "name": "backendexpress",
    "version": "1.0.0",
    "main": "index.js",
    "license": "ISC",
    "dependencies": {
      "@babel/core": "^7.20.12",
      "@babel/node": "^7.20.7",
      "@babel/plugin-transform-runtime": "^7.19.6",
      "@babel/preset-env": "^7.20.2", 
      "@babel/runtime": "^7.20.7",
      "bcrypt": "^5.1.0",
      "dotenv": "^16.0.3",
      "express": "^4.18.2",
      "nodemon": "^2.0.20",
      "pg": "^8.8.0",
      "sequelize": "^6.28.0"
    },
    "scripts": {
      "start": "nodemon --exec babel-node server.js",
      "reverse:db": "sequelize-auto -o ./models -d hr-db -h localhost -u postgres -p 5432 -x admin -e postgres"
      
    },
    "author": "ilmi",
    "description": "",
    "devDependencies": {
      "sequelize-auto": "^0.8.8"
    }
  }

yarn manifest: 
  No manifest

Lockfile: 
  No lockfile
